<?xml version="1.0" encoding="utf-8"?><testsuites><testsuite name="pytest" errors="0" failures="0" skipped="0" tests="10" time="52.302" timestamp="2025-06-12T22:18:05.521454" hostname="CBTSINDIAL3410"><testcase classname="test_homePage" name="test_TC001_View_Logo" time="17.942" /><testcase classname="test_homePage" name="test_TC002_SearchItem" time="7.459" /><testcase classname="test_homePage" name="test_TC003_AddtoCart" time="7.896" /><testcase classname="test_homePage" name="test_TC004_GotoCart" time="8.288" /><testcase classname="test_homePage" name="test_TC005_ViewCart" time="0.374" /><testcase classname="test_homePage" name="test_TC006_Unchecking_Checking_CartItems" time="2.622" /><testcase classname="test_homePage" name="test_TC007_Save_for_later_CartItems" time="0.505" /><testcase classname="test_homePage" name="test_TC008_Move_for_later" time="2.022" /><testcase classname="test_homePage" name="test_TC009_Increment_Decrement_items" time="2.585" /><testcase classname="test_homePage" name="test_TC010_Delete_items" time="2.424" /></testsuite></testsuites>